2026-04-21 23:14:57,575 INFO o.a.j.u.JMeterUtils: Setting Locale to en_EN
2026-04-21 23:14:57,584 INFO o.a.j.JMeter: Loading user properties from: /opt/homebrew/Cellar/jmeter/5.6.3/libexec/bin/user.properties
2026-04-21 23:14:57,585 INFO o.a.j.JMeter: Loading system properties from: /opt/homebrew/Cellar/jmeter/5.6.3/libexec/bin/system.properties
2026-04-21 23:14:57,586 INFO o.a.j.JMeter: Copyright (c) 1998-2024 The Apache Software Foundation
2026-04-21 23:14:57,586 INFO o.a.j.JMeter: Version 5.6.3
2026-04-21 23:14:57,586 INFO o.a.j.JMeter: java.version=21.0.10
2026-04-21 23:14:57,586 INFO o.a.j.JMeter: java.vm.name=OpenJDK 64-Bit Server VM
2026-04-21 23:14:57,586 INFO o.a.j.JMeter: os.name=Mac OS X
2026-04-21 23:14:57,586 INFO o.a.j.JMeter: os.arch=aarch64
2026-04-21 23:14:57,586 INFO o.a.j.JMeter: os.version=26.3.1
2026-04-21 23:14:57,586 INFO o.a.j.JMeter: file.encoding=UTF-8
2026-04-21 23:14:57,587 INFO o.a.j.JMeter: java.awt.headless=null
2026-04-21 23:14:57,587 INFO o.a.j.JMeter: Max memory     =1073741824
2026-04-21 23:14:57,587 INFO o.a.j.JMeter: Available Processors =18
2026-04-21 23:14:57,590 INFO o.a.j.JMeter: Default Locale=English (EN)
2026-04-21 23:14:57,590 INFO o.a.j.JMeter: JMeter  Locale=English (EN)
2026-04-21 23:14:57,590 INFO o.a.j.JMeter: JMeterHome=/opt/homebrew/Cellar/jmeter/5.6.3/libexec
2026-04-21 23:14:57,590 INFO o.a.j.JMeter: user.dir  =/Users/santt/Documents/UNIR/1_Curso Devops/CASOS PRACTICOS/REPOS/CASO1/helloworld
2026-04-21 23:14:57,590 INFO o.a.j.JMeter: PWD       =/Users/santt/Documents/UNIR/1_Curso Devops/CASOS PRACTICOS/REPOS/CASO1/helloworld
2026-04-21 23:14:57,592 INFO o.a.j.JMeter: IP: 127.0.0.1 Name: MacBook-Pro-M5--Santiago-B.local FullName: localhost
2026-04-21 23:14:57,595 INFO o.a.j.JMeter: Loaded icon properties from org/apache/jmeter/images/icon.properties
2026-04-21 23:14:57,765 INFO o.a.j.JMeterGuiLauncher: Setting LAF to: com.github.weisj.darklaf.DarkLaf:com.github.weisj.darklaf.theme.DarculaTheme
2026-04-21 23:14:58,355 INFO o.a.j.r.ClassFinder: Will scan jar /opt/homebrew/Cellar/jmeter/5.6.3/libexec/lib/ext/jmeter-plugins-manager-1.9.jar with filter ExtendsClassFilter [parents=[interface org.apache.jmeter.gui.action.Command], inner=false, contains=null, notContains=null]. Consider exposing JMeter plugins via META-INF/services, and add JMeter-Skip-Class-Scanning=true manifest attribute so JMeter can skip classfile scanning
2026-04-21 23:14:58,397 INFO o.a.j.r.ClassFinder: Will scan jar /opt/homebrew/Cellar/jmeter/5.6.3/libexec/lib/ext/jmeter-plugins-manager-1.9.jar with filter ExtendsClassFilter [parents=[interface org.apache.jmeter.gui.plugin.MenuCreator], inner=false, contains=null, notContains=null]. Consider exposing JMeter plugins via META-INF/services, and add JMeter-Skip-Class-Scanning=true manifest attribute so JMeter can skip classfile scanning
2026-04-21 23:14:58,429 INFO o.j.r.JARSourceHTTP: Requesting https://jmeter-plugins.org/repo/?installID=mac_os_x-c799c5f7384eb7b2be94cbfa676a16ab-gui
2026-04-21 23:15:00,207 INFO o.j.r.PluginManager: Plugins Status: [jpgc-plugins-manager=1.9, jmeter-core=5.6.3, jmeter-ftp=5.6.3, jmeter-http=5.6.3, jmeter-jdbc=5.6.3, jmeter-jms=5.6.3, jmeter-junit=5.6.3, jmeter-java=5.6.3, jmeter-ldap=5.6.3, jmeter-mail=5.6.3, jmeter-mongodb=5.6.3, jmeter-native=5.6.3, jmeter-tcp=5.6.3, jmeter-components=5.6.3]
2026-04-21 23:15:00,207 INFO o.j.r.PluginManagerMenuItem: Plugins Manager has upgrades: [jpgc-plugins-manager]
2026-04-21 23:16:07,490 INFO o.a.j.p.h.s.HTTPSamplerBase: Parser for text/html is org.apache.jmeter.protocol.http.parser.LagartoBasedHtmlParser
2026-04-21 23:16:07,490 INFO o.a.j.p.h.s.HTTPSamplerBase: Parser for application/xhtml+xml is org.apache.jmeter.protocol.http.parser.LagartoBasedHtmlParser
2026-04-21 23:16:07,490 INFO o.a.j.p.h.s.HTTPSamplerBase: Parser for application/xml is org.apache.jmeter.protocol.http.parser.LagartoBasedHtmlParser
2026-04-21 23:16:07,490 INFO o.a.j.p.h.s.HTTPSamplerBase: Parser for text/xml is org.apache.jmeter.protocol.http.parser.LagartoBasedHtmlParser
2026-04-21 23:16:07,490 INFO o.a.j.p.h.s.HTTPSamplerBase: Parser for text/vnd.wap.wml is org.apache.jmeter.protocol.http.parser.RegexpHTMLParser
2026-04-21 23:16:07,490 INFO o.a.j.p.h.s.HTTPSamplerBase: Parser for text/css is org.apache.jmeter.protocol.http.parser.CssParser
2026-04-22 11:51:29,678 INFO o.a.j.s.FileServer: Default base='/Users/santt/Documents/UNIR/1_Curso Devops/CASOS PRACTICOS/REPOS/CASO1/helloworld'
2026-04-22 11:51:29,680 INFO o.a.j.s.FileServer: Set new base='/Users/santt/Documents/UNIR/1_Curso Devops/CASOS PRACTICOS/REPOS/CASO1/helloworld'
2026-04-22 11:51:29,765 INFO o.a.j.s.SaveService: Testplan (JMX) version: 2.2. Testlog (JTL) version: 2.2
2026-04-22 11:51:29,769 INFO o.a.j.s.SaveService: Using SaveService properties version 5.0
2026-04-22 11:51:29,770 INFO o.a.j.s.SaveService: Using SaveService properties file encoding UTF-8
2026-04-22 11:51:29,780 INFO o.a.j.e.StandardJMeterEngine: Running the test!
2026-04-22 11:51:29,780 INFO o.a.j.s.SampleEvent: List of sample_variables: []
2026-04-22 11:51:29,780 INFO o.a.j.s.SampleEvent: List of sample_variables: []
2026-04-22 11:51:29,781 INFO o.a.j.e.u.CompoundVariable: Note: Function class names must contain the string: '.functions.'
2026-04-22 11:51:29,781 INFO o.a.j.e.u.CompoundVariable: Note: Function class names must not contain the string: '.gui.'
2026-04-22 11:51:29,802 INFO o.a.j.r.ClassFinder: Will scan jar /opt/homebrew/Cellar/jmeter/5.6.3/libexec/lib/ext/jmeter-plugins-manager-1.9.jar with filter ExtendsClassFilter [parents=[interface org.apache.jmeter.functions.Function], inner=false, contains=null, notContains=null]. Consider exposing JMeter plugins via META-INF/services, and add JMeter-Skip-Class-Scanning=true manifest attribute so JMeter can skip classfile scanning
2026-04-22 11:51:29,804 INFO o.a.j.g.u.JMeterMenuBar: setRunning(true, *local*)
2026-04-22 11:51:29,822 INFO o.a.j.e.StandardJMeterEngine: Starting ThreadGroup: 1 : Thread Group
2026-04-22 11:51:29,822 INFO o.a.j.e.StandardJMeterEngine: Starting 5 threads for group Thread Group.
2026-04-22 11:51:29,822 INFO o.a.j.e.StandardJMeterEngine: Thread will continue on error
2026-04-22 11:51:29,822 INFO o.a.j.t.ThreadGroup: Starting thread group... number=1 threads=5 ramp-up=1 delayedStart=false
2026-04-22 11:51:29,824 INFO o.a.j.t.JMeterThread: Thread started: Thread Group 1-1
2026-04-22 11:51:29,824 INFO o.a.j.t.ThreadGroup: Started thread group number 1
2026-04-22 11:51:29,824 INFO o.a.j.e.StandardJMeterEngine: All thread groups have been started
2026-04-22 11:51:29,828 INFO o.a.j.p.h.s.HTTPHCAbstractImpl: Local host = MacBook-Pro-M5--Santiago-B.local
2026-04-22 11:51:29,831 INFO o.a.j.p.h.s.HTTPHC4Impl: HTTP request retry count = 0
2026-04-22 11:51:29,831 INFO o.a.j.s.SampleResult: Note: Sample TimeStamps are START times
2026-04-22 11:51:29,832 INFO o.a.j.s.SampleResult: sampleresult.default.encoding is set to UTF-8
2026-04-22 11:51:29,832 INFO o.a.j.s.SampleResult: sampleresult.useNanoTime=true
2026-04-22 11:51:29,832 INFO o.a.j.s.SampleResult: sampleresult.nanoThreadSleep=5000
2026-04-22 11:51:29,858 INFO o.a.j.t.JMeterThread: Thread is done: Thread Group 1-1
2026-04-22 11:51:29,858 INFO o.a.j.t.JMeterThread: Thread finished: Thread Group 1-1
2026-04-22 11:51:30,025 INFO o.a.j.t.JMeterThread: Thread started: Thread Group 1-2
2026-04-22 11:51:30,035 INFO o.a.j.t.JMeterThread: Thread is done: Thread Group 1-2
2026-04-22 11:51:30,035 INFO o.a.j.t.JMeterThread: Thread finished: Thread Group 1-2
2026-04-22 11:51:30,226 INFO o.a.j.t.JMeterThread: Thread started: Thread Group 1-3
2026-04-22 11:51:30,235 INFO o.a.j.t.JMeterThread: Thread is done: Thread Group 1-3
2026-04-22 11:51:30,235 INFO o.a.j.t.JMeterThread: Thread finished: Thread Group 1-3
2026-04-22 11:51:30,425 INFO o.a.j.t.JMeterThread: Thread started: Thread Group 1-4
2026-04-22 11:51:30,437 INFO o.a.j.t.JMeterThread: Thread is done: Thread Group 1-4
2026-04-22 11:51:30,437 INFO o.a.j.t.JMeterThread: Thread finished: Thread Group 1-4
2026-04-22 11:51:30,627 INFO o.a.j.t.JMeterThread: Thread started: Thread Group 1-5
2026-04-22 11:51:30,642 INFO o.a.j.t.JMeterThread: Thread is done: Thread Group 1-5
2026-04-22 11:51:30,643 INFO o.a.j.t.JMeterThread: Thread finished: Thread Group 1-5
2026-04-22 11:51:30,643 INFO o.a.j.e.StandardJMeterEngine: Notifying test listeners of end of test
2026-04-22 11:51:30,643 INFO o.a.j.g.u.JMeterMenuBar: setRunning(false, *local*)
2026-04-22 11:58:21,241 INFO o.a.j.e.StandardJMeterEngine: Running the test!
2026-04-22 11:58:21,241 INFO o.a.j.s.SampleEvent: List of sample_variables: []
2026-04-22 11:58:21,242 INFO o.a.j.g.u.JMeterMenuBar: setRunning(true, *local*)
2026-04-22 11:58:21,263 INFO o.a.j.e.StandardJMeterEngine: Starting ThreadGroup: 1 : Thread Group
2026-04-22 11:58:21,263 INFO o.a.j.e.StandardJMeterEngine: Starting 5 threads for group Thread Group.
2026-04-22 11:58:21,263 INFO o.a.j.e.StandardJMeterEngine: Thread will continue on error
2026-04-22 11:58:21,263 INFO o.a.j.t.ThreadGroup: Starting thread group... number=1 threads=5 ramp-up=1 delayedStart=false
2026-04-22 11:58:21,264 INFO o.a.j.t.JMeterThread: Thread started: Thread Group 1-1
2026-04-22 11:58:21,264 INFO o.a.j.t.ThreadGroup: Started thread group number 1
2026-04-22 11:58:21,264 INFO o.a.j.e.StandardJMeterEngine: All thread groups have been started
2026-04-22 11:58:21,280 INFO o.a.j.t.JMeterThread: Thread is done: Thread Group 1-1
2026-04-22 11:58:21,280 INFO o.a.j.t.JMeterThread: Thread finished: Thread Group 1-1
2026-04-22 11:58:21,465 INFO o.a.j.t.JMeterThread: Thread started: Thread Group 1-2
2026-04-22 11:58:21,490 INFO o.a.j.t.JMeterThread: Thread is done: Thread Group 1-2
2026-04-22 11:58:21,490 INFO o.a.j.t.JMeterThread: Thread finished: Thread Group 1-2
2026-04-22 11:58:21,666 INFO o.a.j.t.JMeterThread: Thread started: Thread Group 1-3
2026-04-22 11:58:21,692 INFO o.a.j.t.JMeterThread: Thread is done: Thread Group 1-3
2026-04-22 11:58:21,693 INFO o.a.j.t.JMeterThread: Thread finished: Thread Group 1-3
2026-04-22 11:58:21,868 INFO o.a.j.t.JMeterThread: Thread started: Thread Group 1-4
2026-04-22 11:58:21,885 INFO o.a.j.t.JMeterThread: Thread is done: Thread Group 1-4
2026-04-22 11:58:21,885 INFO o.a.j.t.JMeterThread: Thread finished: Thread Group 1-4
2026-04-22 11:58:22,068 INFO o.a.j.t.JMeterThread: Thread started: Thread Group 1-5
2026-04-22 11:58:22,085 INFO o.a.j.t.JMeterThread: Thread is done: Thread Group 1-5
2026-04-22 11:58:22,085 INFO o.a.j.t.JMeterThread: Thread finished: Thread Group 1-5
2026-04-22 11:58:22,085 INFO o.a.j.e.StandardJMeterEngine: Notifying test listeners of end of test
2026-04-22 11:58:22,085 INFO o.a.j.g.u.JMeterMenuBar: setRunning(false, *local*)
2026-04-22 12:51:25,813 INFO o.a.j.e.StandardJMeterEngine: Running the test!
2026-04-22 12:51:25,814 INFO o.a.j.s.SampleEvent: List of sample_variables: []
2026-04-22 12:51:25,815 INFO o.a.j.g.u.JMeterMenuBar: setRunning(true, *local*)
2026-04-22 12:51:25,839 INFO o.a.j.e.StandardJMeterEngine: Starting ThreadGroup: 1 : Thread Group
2026-04-22 12:51:25,840 INFO o.a.j.e.StandardJMeterEngine: Starting 5 threads for group Thread Group.
2026-04-22 12:51:25,840 INFO o.a.j.e.StandardJMeterEngine: Thread will continue on error
2026-04-22 12:51:25,840 INFO o.a.j.t.ThreadGroup: Starting thread group... number=1 threads=5 ramp-up=1 delayedStart=false
2026-04-22 12:51:25,840 INFO o.a.j.t.JMeterThread: Thread started: Thread Group 1-1
2026-04-22 12:51:25,840 INFO o.a.j.t.ThreadGroup: Started thread group number 1
2026-04-22 12:51:25,840 INFO o.a.j.e.StandardJMeterEngine: All thread groups have been started
2026-04-22 12:51:25,846 INFO o.a.j.t.JMeterThread: Thread is done: Thread Group 1-1
2026-04-22 12:51:25,846 INFO o.a.j.t.JMeterThread: Thread finished: Thread Group 1-1
2026-04-22 12:51:26,045 INFO o.a.j.t.JMeterThread: Thread started: Thread Group 1-2
2026-04-22 12:51:26,052 INFO o.a.j.t.JMeterThread: Thread is done: Thread Group 1-2
2026-04-22 12:51:26,052 INFO o.a.j.t.JMeterThread: Thread finished: Thread Group 1-2
2026-04-22 12:51:26,245 INFO o.a.j.t.JMeterThread: Thread started: Thread Group 1-3
2026-04-22 12:51:26,251 INFO o.a.j.t.JMeterThread: Thread is done: Thread Group 1-3
2026-04-22 12:51:26,251 INFO o.a.j.t.JMeterThread: Thread finished: Thread Group 1-3
2026-04-22 12:51:26,442 INFO o.a.j.t.JMeterThread: Thread started: Thread Group 1-4
2026-04-22 12:51:26,450 INFO o.a.j.t.JMeterThread: Thread is done: Thread Group 1-4
2026-04-22 12:51:26,450 INFO o.a.j.t.JMeterThread: Thread finished: Thread Group 1-4
2026-04-22 12:51:26,646 INFO o.a.j.t.JMeterThread: Thread started: Thread Group 1-5
2026-04-22 12:51:26,656 INFO o.a.j.t.JMeterThread: Thread is done: Thread Group 1-5
2026-04-22 12:51:26,656 INFO o.a.j.t.JMeterThread: Thread finished: Thread Group 1-5
2026-04-22 12:51:26,656 INFO o.a.j.e.StandardJMeterEngine: Notifying test listeners of end of test
2026-04-22 12:51:26,657 INFO o.a.j.g.u.JMeterMenuBar: setRunning(false, *local*)
